{
  "stats": {
    "suites": 1,
    "tests": 1,
    "passes": 1,
    "pending": 0,
    "failures": 0,
    "start": "2025-04-04T19:05:06.252Z",
    "end": "2025-04-04T19:05:10.291Z",
    "duration": 4039,
    "testsRegistered": 1,
    "passPercent": 100,
    "pendingPercent": 0,
    "other": 0,
    "hasOther": false,
    "skipped": 0,
    "hasSkipped": false
  },
  "results": [
    {
      "uuid": "8d7d6c92-b370-4f9b-a35b-fa42b37ae098",
      "title": "",
      "fullFile": "cypress\\e2e\\Login.test.js",
      "file": "cypress\\e2e\\Login.test.js",
      "beforeHooks": [],
      "afterHooks": [],
      "tests": [],
      "suites": [
        {
          "uuid": "f2bd6562-dcea-41b0-adf8-c9209995f5f0",
          "title": "Login checks",
          "fullFile": "",
          "file": "",
          "beforeHooks": [],
          "afterHooks": [],
          "tests": [
            {
              "title": "Login",
              "fullTitle": "Login checks Login",
              "timedOut": null,
              "duration": 3987,
              "state": "passed",
              "speed": "fast",
              "pass": true,
              "fail": false,
              "pending": false,
              "context": "{\n  \"title\": \"cypress-mochawesome-reporter-videos-passed\",\n  \"value\": \"cypress\\\\e2e\\\\Login.test.js\"\n}",
              "code": "loginPage.executeLogin(Cypress.env('defaultUserEmail'), Cypress.env('defaultUserPassword'));\nloginPage.myProfileButton.should('exist');",
              "err": {},
              "uuid": "6bb68d90-887a-49f0-8254-2786ee113a28",
              "parentUUID": "f2bd6562-dcea-41b0-adf8-c9209995f5f0",
              "isHook": false,
              "skipped": false
            }
          ],
          "suites": [],
          "passes": [
            "6bb68d90-887a-49f0-8254-2786ee113a28"
          ],
          "failures": [],
          "pending": [],
          "skipped": [],
          "duration": 3987,
          "root": false,
          "rootEmpty": false,
          "_timeout": 2000
        }
      ],
      "passes": [],
      "failures": [],
      "pending": [],
      "skipped": [],
      "duration": 0,
      "root": true,
      "rootEmpty": true,
      "_timeout": 2000
    }
  ],
  "meta": {
    "mocha": {
      "version": "7.0.1"
    },
    "mochawesome": {
      "options": {
        "quiet": false,
        "reportFilename": "mochawesome",
        "saveHtml": true,
        "saveJson": true,
        "consoleReporter": "spec",
        "useInlineDiffs": false,
        "code": true
      },
      "version": "7.1.3"
    },
    "marge": {
      "options": null,
      "version": "6.2.0"
    }
  }
}