{
  "stats": {
    "suites": 2,
    "tests": 13,
    "passes": 12,
    "pending": 1,
    "failures": 0,
    "testsRegistered": 13,
    "passPercent": 92.3076923076923,
    "pendingPercent": 7.6923076923076925,
    "other": 0,
    "hasOther": false,
    "skipped": 0,
    "hasSkipped": false,
    "start": "2025-04-04T18:53:46.162Z",
    "end": "2025-04-04T18:55:32.794Z",
    "duration": 106632
  },
  "results": [
    {
      "uuid": "16b8482c-5d2a-43ab-b589-8380a0a2c984",
      "title": "",
      "fullFile": "cypress\\e2e\\Login.test.js",
      "file": "cypress\\e2e\\Login.test.js",
      "beforeHooks": [],
      "afterHooks": [],
      "tests": [],
      "suites": [
        {
          "uuid": "902c9a31-34d0-48a8-83c8-a8f4bc06307b",
          "title": "Login checks",
          "fullFile": "",
          "file": "",
          "beforeHooks": [],
          "afterHooks": [],
          "tests": [
            {
              "title": "Login",
              "fullTitle": "Login checks Login",
              "timedOut": null,
              "duration": 4530,
              "state": "passed",
              "speed": "fast",
              "pass": true,
              "fail": false,
              "pending": false,
              "context": null,
              "code": "loginPage.executeLogin(Cypress.env('defaultUserEmail'), Cypress.env('defaultUserPassword'));\nloginPage.myProfileButton.should('exist');",
              "err": {},
              "uuid": "05bc4179-7988-44ac-b77a-ca798d42d975",
              "parentUUID": "902c9a31-34d0-48a8-83c8-a8f4bc06307b",
              "isHook": false,
              "skipped": false
            }
          ],
          "suites": [],
          "passes": [
            "05bc4179-7988-44ac-b77a-ca798d42d975"
          ],
          "failures": [],
          "pending": [],
          "skipped": [],
          "duration": 4530,
          "root": false,
          "rootEmpty": false,
          "_timeout": 2000
        }
      ],
      "passes": [],
      "failures": [],
      "pending": [],
      "skipped": [],
      "duration": 0,
      "root": true,
      "rootEmpty": true,
      "_timeout": 2000
    },
    {
      "uuid": "dc72e968-b5bc-4cae-9a2d-fb8d33b7acd3",
      "title": "",
      "fullFile": "cypress\\e2e\\Registration.test.js",
      "file": "cypress\\e2e\\Registration.test.js",
      "beforeHooks": [],
      "afterHooks": [],
      "tests": [],
      "suites": [
        {
          "uuid": "20bec452-05b2-4631-9876-4480d634c144",
          "title": "Registration page tests",
          "fullFile": "",
          "file": "",
          "beforeHooks": [],
          "afterHooks": [],
          "tests": [
            {
              "title": "Test Name Field",
              "fullTitle": "Registration page tests Test Name Field",
              "timedOut": null,
              "duration": 6507,
              "state": "passed",
              "speed": "medium",
              "pass": true,
              "fail": false,
              "pending": false,
              "context": null,
              "code": "registration.testName('', 'Name required');\nregistration.testName(' ', 'Name is invalid', 'Name has to be from 2 to 20 characters long');\nregistration.testName('Theodosiana-Ferdinandetta', 'Name is invalid', 'Name has to be from 2 to 20 characters long');",
              "err": {},
              "uuid": "a0bec12a-cffd-4445-8a76-1c1a636290d4",
              "parentUUID": "20bec452-05b2-4631-9876-4480d634c144",
              "isHook": false,
              "skipped": false
            },
            {
              "title": "Test Last Name Field",
              "fullTitle": "Registration page tests Test Last Name Field",
              "timedOut": null,
              "duration": 4538,
              "state": "passed",
              "speed": "fast",
              "pass": true,
              "fail": false,
              "pending": false,
              "context": null,
              "code": "registration.testLastName('', 'Last name required');\nregistration.testLastName(' ', 'Last name is invalid', 'Last name has to be from 2 to 20 characters long');\nregistration.testLastName('Theodosiana-Ferdinandetta', 'Last name is invalid', 'Last name has to be from 2 to 20 characters long');",
              "err": {},
              "uuid": "bdc04a5a-b143-4f3b-b1a7-c862ee3f3888",
              "parentUUID": "20bec452-05b2-4631-9876-4480d634c144",
              "isHook": false,
              "skipped": false
            },
            {
              "title": "Test Email Field",
              "fullTitle": "Registration page tests Test Email Field",
              "timedOut": null,
              "duration": 3426,
              "state": "passed",
              "speed": "fast",
              "pass": true,
              "fail": false,
              "pending": false,
              "context": null,
              "code": "registration.testEmail('', 'Email required');\nregistration.testEmail('Myemal', 'Email is incorrect');",
              "err": {},
              "uuid": "45a2f293-2cca-4b27-965b-e701f5cd91ac",
              "parentUUID": "20bec452-05b2-4631-9876-4480d634c144",
              "isHook": false,
              "skipped": false
            },
            {
              "title": "Test Password Field",
              "fullTitle": "Registration page tests Test Password Field",
              "timedOut": null,
              "duration": 5697,
              "state": "passed",
              "speed": "medium",
              "pass": true,
              "fail": false,
              "pending": false,
              "context": null,
              "code": "registration.testPassword('', 'Password required');\nregistration.testPassword('Th1', 'Password has to be from 8 to 15 characters long and contain at least one integer, one capital, and one small letter');\nregistration.testPassword('Theodosiana-Ferdinandetta', 'Password has to be from 8 to 15 characters long and contain at least one integer, one capital, and one small letter');\nregistration.testPassword('Theodosiana', 'Password has to be from 8 to 15 characters long and contain at least one integer, one capital, and one small letter');\nregistration.testPassword('theodosiana1', 'Password has to be from 8 to 15 characters long and contain at least one integer, one capital, and one small letter');\nregistration.testPassword('PASSWORD1', 'Password has to be from 8 to 15 characters long and contain at least one integer, one capital, and one small letter');",
              "err": {},
              "uuid": "5b308d27-653b-455e-8a98-2cf44c304d32",
              "parentUUID": "20bec452-05b2-4631-9876-4480d634c144",
              "isHook": false,
              "skipped": false
            },
            {
              "title": "Test Re-enter Password Field",
              "fullTitle": "Registration page tests Test Re-enter Password Field",
              "timedOut": null,
              "duration": 3705,
              "state": "passed",
              "speed": "fast",
              "pass": true,
              "fail": false,
              "pending": false,
              "context": null,
              "code": "registration.testRepeatPassword('', '', 'Re-enter password required');\nregistration.testRepeatPassword('Theodosiana1', 'Theodosiana2', 'Passwords do not match');",
              "err": {},
              "uuid": "d3603c79-d234-42b2-8adc-9d4e158ecd03",
              "parentUUID": "20bec452-05b2-4631-9876-4480d634c144",
              "isHook": false,
              "skipped": false
            },
            {
              "title": "Test All Fields Empty",
              "fullTitle": "Registration page tests Test All Fields Empty",
              "timedOut": null,
              "duration": 962,
              "state": "passed",
              "speed": "fast",
              "pass": true,
              "fail": false,
              "pending": false,
              "context": null,
              "code": "registration.selectors.buttonRegister().should('have.prop', 'disabled', true);",
              "err": {},
              "uuid": "fef9cd38-427f-4d55-ac72-b9c5ddb09537",
              "parentUUID": "20bec452-05b2-4631-9876-4480d634c144",
              "isHook": false,
              "skipped": false
            },
            {
              "title": "Test Name Filed is Required",
              "fullTitle": "Registration page tests Test Name Filed is Required",
              "timedOut": null,
              "duration": 2228,
              "state": "passed",
              "speed": "fast",
              "pass": true,
              "fail": false,
              "pending": false,
              "context": null,
              "code": "registration.fillAllFields('', 'Rudchenko', 'rudchenkosumy+1@gmail.com', 'Theodosiana1', 'Theodosiana1');\nregistration.selectors.buttonRegister().should('have.prop', 'disabled', true);",
              "err": {},
              "uuid": "9a6fe4cb-e7f0-4ff1-b184-a88bc0875df8",
              "parentUUID": "20bec452-05b2-4631-9876-4480d634c144",
              "isHook": false,
              "skipped": false
            },
            {
              "title": "Test Last Name Field is Required",
              "fullTitle": "Registration page tests Test Last Name Field is Required",
              "timedOut": null,
              "duration": 2188,
              "state": "passed",
              "speed": "fast",
              "pass": true,
              "fail": false,
              "pending": false,
              "context": null,
              "code": "registration.fillAllFields('Tetiana', '', 'rudchenkosumy+1@gmail.com', 'Theodosiana1', 'Theodosiana1');\nregistration.selectors.buttonRegister().should('have.prop', 'disabled', true);",
              "err": {},
              "uuid": "823592a6-7f1d-43dd-a805-b4499f66d45e",
              "parentUUID": "20bec452-05b2-4631-9876-4480d634c144",
              "isHook": false,
              "skipped": false
            },
            {
              "title": "Test Email Field is Required",
              "fullTitle": "Registration page tests Test Email Field is Required",
              "timedOut": null,
              "duration": 2005,
              "state": "passed",
              "speed": "fast",
              "pass": true,
              "fail": false,
              "pending": false,
              "context": null,
              "code": "registration.fillAllFields('Tetiana', 'Rudchenko', '', 'Theodosiana1', 'Theodosiana1');\nregistration.selectors.buttonRegister().should('have.prop', 'disabled', true);",
              "err": {},
              "uuid": "bc61a103-1934-4173-9b9c-3dd538674388",
              "parentUUID": "20bec452-05b2-4631-9876-4480d634c144",
              "isHook": false,
              "skipped": false
            },
            {
              "title": "Test Password Field is Required",
              "fullTitle": "Registration page tests Test Password Field is Required",
              "timedOut": null,
              "duration": 2133,
              "state": "passed",
              "speed": "fast",
              "pass": true,
              "fail": false,
              "pending": false,
              "context": null,
              "code": "registration.fillAllFields('Tetiana', 'Rudchenko', 'rudchenkosumy+1@gmail.com', '', 'Theodosiana1');\nregistration.selectors.buttonRegister().should('have.prop', 'disabled', true);",
              "err": {},
              "uuid": "9074ec04-4347-4da3-bb8a-fcf94d9335e6",
              "parentUUID": "20bec452-05b2-4631-9876-4480d634c144",
              "isHook": false,
              "skipped": false
            },
            {
              "title": "Test Repeat Password Field is Required",
              "fullTitle": "Registration page tests Test Repeat Password Field is Required",
              "timedOut": null,
              "duration": 2114,
              "state": "passed",
              "speed": "fast",
              "pass": true,
              "fail": false,
              "pending": false,
              "context": null,
              "code": "registration.fillAllFields('Tetiana', 'Rudchenko', 'rudchenkosumy+1@gmail.com', 'Theodosiana1', '');\nregistration.selectors.buttonRegister().should('have.prop', 'disabled', true);",
              "err": {},
              "uuid": "6b1dec1b-8a8f-4fbc-8c49-b54a7866e354",
              "parentUUID": "20bec452-05b2-4631-9876-4480d634c144",
              "isHook": false,
              "skipped": false
            },
            {
              "title": "Test Successfull Registration",
              "fullTitle": "Registration page tests Test Successfull Registration",
              "timedOut": null,
              "duration": 0,
              "state": "pending",
              "speed": null,
              "pass": false,
              "fail": false,
              "pending": true,
              "context": null,
              "code": "const email = 'rudchenkosumy+' + Math.floor(Math.random() * 1000) + '@gmail.com';\nconsole.log(email);\nregistration.fillAllFields('Tetiana', 'Rudchenko', email, 'Theodosiana1!', 'Theodosiana1!');\nregistration.clikcRegisterButton();\nregistration.selectors.myProfileButton().should('exist');",
              "err": {},
              "uuid": "f0168737-8252-4068-b3cb-ce0dd66d7dc1",
              "parentUUID": "20bec452-05b2-4631-9876-4480d634c144",
              "isHook": false,
              "skipped": false
            }
          ],
          "suites": [],
          "passes": [
            "a0bec12a-cffd-4445-8a76-1c1a636290d4",
            "bdc04a5a-b143-4f3b-b1a7-c862ee3f3888",
            "45a2f293-2cca-4b27-965b-e701f5cd91ac",
            "5b308d27-653b-455e-8a98-2cf44c304d32",
            "d3603c79-d234-42b2-8adc-9d4e158ecd03",
            "fef9cd38-427f-4d55-ac72-b9c5ddb09537",
            "9a6fe4cb-e7f0-4ff1-b184-a88bc0875df8",
            "823592a6-7f1d-43dd-a805-b4499f66d45e",
            "bc61a103-1934-4173-9b9c-3dd538674388",
            "9074ec04-4347-4da3-bb8a-fcf94d9335e6",
            "6b1dec1b-8a8f-4fbc-8c49-b54a7866e354"
          ],
          "failures": [],
          "pending": [
            "f0168737-8252-4068-b3cb-ce0dd66d7dc1"
          ],
          "skipped": [],
          "duration": 35503,
          "root": false,
          "rootEmpty": false,
          "_timeout": 2000
        }
      ],
      "passes": [],
      "failures": [],
      "pending": [],
      "skipped": [],
      "duration": 0,
      "root": true,
      "rootEmpty": true,
      "_timeout": 2000
    }
  ],
  "meta": {
    "mocha": {
      "version": "7.0.1"
    },
    "mochawesome": {
      "options": {
        "quiet": false,
        "reportFilename": "mochawesome",
        "saveHtml": true,
        "saveJson": true,
        "consoleReporter": "spec",
        "useInlineDiffs": false,
        "code": true
      },
      "version": "7.1.3"
    },
    "marge": {
      "options": null,
      "version": "6.2.0"
    }
  }
}